  [4;36;1mSQL (0.1ms)[0m   [0;1mSET NAMES 'utf8'[0m
  [4;35;1mSQL (0.1ms)[0m   [0mSET SQL_AUTO_IS_NULL=0[0m
/!\ FAILSAFE /!\  Mon Aug 30 19:14:00 -0500 2010
  Status: 500 Internal Server Error
  no such file to load -- rgb_color
    /opt/ruby-enterprise-1.8.6-20090610/lib/ruby/site_ruby/1.8/rubygems/custom_require.rb:31:in `gem_original_require'
    /opt/ruby-enterprise-1.8.6-20090610/lib/ruby/site_ruby/1.8/rubygems/custom_require.rb:31:in `require'
    /opt/ruby-enterprise-1.8.6-20090610/lib/ruby/gems/1.8/gems/activesupport-2.3.5/lib/active_support/dependencies.rb:156:in `require'
    /opt/ruby-enterprise-1.8.6-20090610/lib/ruby/gems/1.8/gems/activesupport-2.3.5/lib/active_support/dependencies.rb:521:in `new_constants_in'
    /opt/ruby-enterprise-1.8.6-20090610/lib/ruby/gems/1.8/gems/activesupport-2.3.5/lib/active_support/dependencies.rb:156:in `require'
    /Users/billdoughty/src/capitalthought/charts/app/helpers/am_charts_helper.rb:1
    /opt/ruby-enterprise-1.8.6-20090610/lib/ruby/gems/1.8/gems/activesupport-2.3.5/lib/active_support/dependencies.rb:380:in `load_without_new_constant_marking'
    /opt/ruby-enterprise-1.8.6-20090610/lib/ruby/gems/1.8/gems/activesupport-2.3.5/lib/active_support/dependencies.rb:380:in `load_file'
    /opt/ruby-enterprise-1.8.6-20090610/lib/ruby/gems/1.8/gems/activesupport-2.3.5/lib/active_support/dependencies.rb:521:in `new_constants_in'
    /opt/ruby-enterprise-1.8.6-20090610/lib/ruby/gems/1.8/gems/activesupport-2.3.5/lib/active_support/dependencies.rb:379:in `load_file'
    /opt/ruby-enterprise-1.8.6-20090610/lib/ruby/gems/1.8/gems/activesupport-2.3.5/lib/active_support/dependencies.rb:259:in `require_or_load'
    /opt/ruby-enterprise-1.8.6-20090610/lib/ruby/gems/1.8/gems/activesupport-2.3.5/lib/active_support/dependencies.rb:224:in `depend_on'
    /opt/ruby-enterprise-1.8.6-20090610/lib/ruby/gems/1.8/gems/activesupport-2.3.5/lib/active_support/dependencies.rb:136:in `require_dependency'
    /opt/ruby-enterprise-1.8.6-20090610/lib/ruby/gems/1.8/gems/actionpack-2.3.5/lib/action_controller/helpers.rb:126:in `helper'
    /opt/ruby-enterprise-1.8.6-20090610/lib/ruby/gems/1.8/gems/actionpack-2.3.5/lib/action_controller/helpers.rb:115:in `each'
    /opt/ruby-enterprise-1.8.6-20090610/lib/ruby/gems/1.8/gems/actionpack-2.3.5/lib/action_controller/helpers.rb:115:in `helper'
    /opt/ruby-enterprise-1.8.6-20090610/lib/ruby/gems/1.8/gems/actionpack-2.3.5/lib/action_controller/helpers.rb:120:in `helper'
    /opt/ruby-enterprise-1.8.6-20090610/lib/ruby/gems/1.8/gems/actionpack-2.3.5/lib/action_controller/helpers.rb:115:in `each'
    /opt/ruby-enterprise-1.8.6-20090610/lib/ruby/gems/1.8/gems/actionpack-2.3.5/lib/action_controller/helpers.rb:115:in `helper'
    /Users/billdoughty/src/capitalthought/charts/app/controllers/application_controller.rb:5
    /opt/ruby-enterprise-1.8.6-20090610/lib/ruby/gems/1.8/gems/activesupport-2.3.5/lib/active_support/dependencies.rb:380:in `load_without_new_constant_marking'
    /opt/ruby-enterprise-1.8.6-20090610/lib/ruby/gems/1.8/gems/activesupport-2.3.5/lib/active_support/dependencies.rb:380:in `load_file'
    /opt/ruby-enterprise-1.8.6-20090610/lib/ruby/gems/1.8/gems/activesupport-2.3.5/lib/active_support/dependencies.rb:521:in `new_constants_in'
    /opt/ruby-enterprise-1.8.6-20090610/lib/ruby/gems/1.8/gems/activesupport-2.3.5/lib/active_support/dependencies.rb:379:in `load_file'
    /opt/ruby-enterprise-1.8.6-20090610/lib/ruby/gems/1.8/gems/activesupport-2.3.5/lib/active_support/dependencies.rb:259:in `require_or_load'
    /opt/ruby-enterprise-1.8.6-20090610/lib/ruby/gems/1.8/gems/activesupport-2.3.5/lib/active_support/dependencies.rb:425:in `load_missing_constant'
    /opt/ruby-enterprise-1.8.6-20090610/lib/ruby/gems/1.8/gems/activesupport-2.3.5/lib/active_support/dependencies.rb:80:in `const_missing'
    /opt/ruby-enterprise-1.8.6-20090610/lib/ruby/gems/1.8/gems/activesupport-2.3.5/lib/active_support/dependencies.rb:92:in `const_missing'
    /opt/ruby-enterprise-1.8.6-20090610/lib/ruby/gems/1.8/gems/actionpack-2.3.5/lib/action_controller/dispatcher.rb:89:in `dispatch'
    /opt/ruby-enterprise-1.8.6-20090610/lib/ruby/gems/1.8/gems/actionpack-2.3.5/lib/action_controller/dispatcher.rb:121:in `_call'
    /opt/ruby-enterprise-1.8.6-20090610/lib/ruby/gems/1.8/gems/actionpack-2.3.5/lib/action_controller/dispatcher.rb:130:in `build_middleware_stack'
    /opt/ruby-enterprise-1.8.6-20090610/lib/ruby/gems/1.8/gems/activerecord-2.3.5/lib/active_record/query_cache.rb:29:in `call'
    /opt/ruby-enterprise-1.8.6-20090610/lib/ruby/gems/1.8/gems/activerecord-2.3.5/lib/active_record/query_cache.rb:29:in `call'
    /opt/ruby-enterprise-1.8.6-20090610/lib/ruby/gems/1.8/gems/activerecord-2.3.5/lib/active_record/connection_adapters/abstract/query_cache.rb:34:in `cache'
    /opt/ruby-enterprise-1.8.6-20090610/lib/ruby/gems/1.8/gems/activerecord-2.3.5/lib/active_record/query_cache.rb:9:in `cache'
    /opt/ruby-enterprise-1.8.6-20090610/lib/ruby/gems/1.8/gems/activerecord-2.3.5/lib/active_record/query_cache.rb:28:in `call'
    /opt/ruby-enterprise-1.8.6-20090610/lib/ruby/gems/1.8/gems/activerecord-2.3.5/lib/active_record/connection_adapters/abstract/connection_pool.rb:361:in `call'
    /opt/ruby-enterprise-1.8.6-20090610/lib/ruby/gems/1.8/gems/actionpack-2.3.5/lib/action_controller/string_coercion.rb:25:in `call'
    /opt/ruby-enterprise-1.8.6-20090610/lib/ruby/gems/1.8/gems/rack-1.0.1/lib/rack/head.rb:9:in `call'
    /opt/ruby-enterprise-1.8.6-20090610/lib/ruby/gems/1.8/gems/rack-1.0.1/lib/rack/methodoverride.rb:24:in `call'
    /opt/ruby-enterprise-1.8.6-20090610/lib/ruby/gems/1.8/gems/actionpack-2.3.5/lib/action_controller/params_parser.rb:15:in `call'
    /opt/ruby-enterprise-1.8.6-20090610/lib/ruby/gems/1.8/gems/actionpack-2.3.5/lib/action_controller/session/cookie_store.rb:93:in `call'
    /opt/ruby-enterprise-1.8.6-20090610/lib/ruby/gems/1.8/gems/actionpack-2.3.5/lib/action_controller/failsafe.rb:26:in `call'
    /opt/ruby-enterprise-1.8.6-20090610/lib/ruby/gems/1.8/gems/rack-1.0.1/lib/rack/lock.rb:11:in `call'
    /opt/ruby-enterprise-1.8.6-20090610/lib/ruby/gems/1.8/gems/rack-1.0.1/lib/rack/lock.rb:11:in `synchronize'
    /opt/ruby-enterprise-1.8.6-20090610/lib/ruby/gems/1.8/gems/rack-1.0.1/lib/rack/lock.rb:11:in `call'
    /opt/ruby-enterprise-1.8.6-20090610/lib/ruby/gems/1.8/gems/actionpack-2.3.5/lib/action_controller/dispatcher.rb:114:in `call'
    /opt/ruby-enterprise-1.8.6-20090610/lib/ruby/gems/1.8/gems/actionpack-2.3.5/lib/action_controller/reloader.rb:34:in `run'
    /opt/ruby-enterprise-1.8.6-20090610/lib/ruby/gems/1.8/gems/actionpack-2.3.5/lib/action_controller/dispatcher.rb:108:in `call'
    /opt/ruby-enterprise-1.8.6-20090610/lib/ruby/gems/1.8/gems/rails-2.3.5/lib/rails/rack/static.rb:31:in `call'
    /opt/ruby-enterprise-1.8.6-20090610/lib/ruby/gems/1.8/gems/rack-1.0.1/lib/rack/urlmap.rb:46:in `call'
    /opt/ruby-enterprise-1.8.6-20090610/lib/ruby/gems/1.8/gems/rack-1.0.1/lib/rack/urlmap.rb:40:in `each'
    /opt/ruby-enterprise-1.8.6-20090610/lib/ruby/gems/1.8/gems/rack-1.0.1/lib/rack/urlmap.rb:40:in `call'
    /opt/ruby-enterprise-1.8.6-20090610/lib/ruby/gems/1.8/gems/rails-2.3.5/lib/rails/rack/log_tailer.rb:17:in `call'
    /opt/ruby-enterprise-1.8.6-20090610/lib/ruby/gems/1.8/gems/rack-1.0.1/lib/rack/content_length.rb:13:in `call'
    /opt/ruby-enterprise-1.8.6-20090610/lib/ruby/gems/1.8/gems/rack-1.0.1/lib/rack/handler/webrick.rb:50:in `service'
    /opt/ruby-enterprise-1.8.6-20090610/lib/ruby/1.8/webrick/httpserver.rb:104:in `service'
    /opt/ruby-enterprise-1.8.6-20090610/lib/ruby/1.8/webrick/httpserver.rb:65:in `run'
    /opt/ruby-enterprise-1.8.6-20090610/lib/ruby/1.8/webrick/server.rb:173:in `start_thread'
    /opt/ruby-enterprise-1.8.6-20090610/lib/ruby/1.8/webrick/server.rb:162:in `start'
    /opt/ruby-enterprise-1.8.6-20090610/lib/ruby/1.8/webrick/server.rb:162:in `start_thread'
    /opt/ruby-enterprise-1.8.6-20090610/lib/ruby/1.8/webrick/server.rb:95:in `start'
    /opt/ruby-enterprise-1.8.6-20090610/lib/ruby/1.8/webrick/server.rb:92:in `each'
    /opt/ruby-enterprise-1.8.6-20090610/lib/ruby/1.8/webrick/server.rb:92:in `start'
    /opt/ruby-enterprise-1.8.6-20090610/lib/ruby/1.8/webrick/server.rb:23:in `start'
    /opt/ruby-enterprise-1.8.6-20090610/lib/ruby/1.8/webrick/server.rb:82:in `start'
    /opt/ruby-enterprise-1.8.6-20090610/lib/ruby/gems/1.8/gems/rack-1.0.1/lib/rack/handler/webrick.rb:14:in `run'
    /opt/ruby-enterprise-1.8.6-20090610/lib/ruby/gems/1.8/gems/rails-2.3.5/lib/commands/server.rb:111
    /opt/ruby-enterprise-1.8.6-20090610/lib/ruby/site_ruby/1.8/rubygems/custom_require.rb:31:in `gem_original_require'
    /opt/ruby-enterprise-1.8.6-20090610/lib/ruby/site_ruby/1.8/rubygems/custom_require.rb:31:in `require'
    /Users/billdoughty/src/capitalthought/charts/script/server:3
  [4;36;1mSQL (0.1ms)[0m   [0;1mSET NAMES 'utf8'[0m
  [4;35;1mSQL (0.1ms)[0m   [0mSET SQL_AUTO_IS_NULL=0[0m
/!\ FAILSAFE /!\  Mon Aug 30 19:14:34 -0500 2010
  Status: 500 Internal Server Error
  Expected /Users/billdoughty/src/capitalthought/charts/app/helpers/charts_helper.rb to define ChartsHelper
    /opt/ruby-enterprise-1.8.6-20090610/lib/ruby/gems/1.8/gems/activesupport-2.3.5/lib/active_support/dependencies.rb:426:in `load_missing_constant'
    /opt/ruby-enterprise-1.8.6-20090610/lib/ruby/gems/1.8/gems/activesupport-2.3.5/lib/active_support/dependencies.rb:80:in `const_missing'
    /opt/ruby-enterprise-1.8.6-20090610/lib/ruby/gems/1.8/gems/activesupport-2.3.5/lib/active_support/dependencies.rb:92:in `const_missing'
    /opt/ruby-enterprise-1.8.6-20090610/lib/ruby/gems/1.8/gems/activesupport-2.3.5/lib/active_support/inflector.rb:361:in `constantize'
    /opt/ruby-enterprise-1.8.6-20090610/lib/ruby/gems/1.8/gems/activesupport-2.3.5/lib/active_support/inflector.rb:360:in `each'
    /opt/ruby-enterprise-1.8.6-20090610/lib/ruby/gems/1.8/gems/activesupport-2.3.5/lib/active_support/inflector.rb:360:in `constantize'
    /opt/ruby-enterprise-1.8.6-20090610/lib/ruby/gems/1.8/gems/activesupport-2.3.5/lib/active_support/core_ext/string/inflections.rb:162:in `constantize'
    /opt/ruby-enterprise-1.8.6-20090610/lib/ruby/gems/1.8/gems/actionpack-2.3.5/lib/action_controller/helpers.rb:137:in `helper'
    /opt/ruby-enterprise-1.8.6-20090610/lib/ruby/gems/1.8/gems/actionpack-2.3.5/lib/action_controller/helpers.rb:115:in `each'
    /opt/ruby-enterprise-1.8.6-20090610/lib/ruby/gems/1.8/gems/actionpack-2.3.5/lib/action_controller/helpers.rb:115:in `helper'
    /opt/ruby-enterprise-1.8.6-20090610/lib/ruby/gems/1.8/gems/actionpack-2.3.5/lib/action_controller/helpers.rb:120:in `helper'
    /opt/ruby-enterprise-1.8.6-20090610/lib/ruby/gems/1.8/gems/actionpack-2.3.5/lib/action_controller/helpers.rb:115:in `each'
    /opt/ruby-enterprise-1.8.6-20090610/lib/ruby/gems/1.8/gems/actionpack-2.3.5/lib/action_controller/helpers.rb:115:in `helper'
    /Users/billdoughty/src/capitalthought/charts/app/controllers/application_controller.rb:5
    /opt/ruby-enterprise-1.8.6-20090610/lib/ruby/gems/1.8/gems/activesupport-2.3.5/lib/active_support/dependencies.rb:380:in `load_without_new_constant_marking'
    /opt/ruby-enterprise-1.8.6-20090610/lib/ruby/gems/1.8/gems/activesupport-2.3.5/lib/active_support/dependencies.rb:380:in `load_file'
    /opt/ruby-enterprise-1.8.6-20090610/lib/ruby/gems/1.8/gems/activesupport-2.3.5/lib/active_support/dependencies.rb:521:in `new_constants_in'
    /opt/ruby-enterprise-1.8.6-20090610/lib/ruby/gems/1.8/gems/activesupport-2.3.5/lib/active_support/dependencies.rb:379:in `load_file'
    /opt/ruby-enterprise-1.8.6-20090610/lib/ruby/gems/1.8/gems/activesupport-2.3.5/lib/active_support/dependencies.rb:259:in `require_or_load'
    /opt/ruby-enterprise-1.8.6-20090610/lib/ruby/gems/1.8/gems/activesupport-2.3.5/lib/active_support/dependencies.rb:425:in `load_missing_constant'
    /opt/ruby-enterprise-1.8.6-20090610/lib/ruby/gems/1.8/gems/activesupport-2.3.5/lib/active_support/dependencies.rb:80:in `const_missing'
    /opt/ruby-enterprise-1.8.6-20090610/lib/ruby/gems/1.8/gems/activesupport-2.3.5/lib/active_support/dependencies.rb:92:in `const_missing'
    /opt/ruby-enterprise-1.8.6-20090610/lib/ruby/gems/1.8/gems/actionpack-2.3.5/lib/action_controller/dispatcher.rb:89:in `dispatch'
    /opt/ruby-enterprise-1.8.6-20090610/lib/ruby/gems/1.8/gems/actionpack-2.3.5/lib/action_controller/dispatcher.rb:121:in `_call'
    /opt/ruby-enterprise-1.8.6-20090610/lib/ruby/gems/1.8/gems/actionpack-2.3.5/lib/action_controller/dispatcher.rb:130:in `build_middleware_stack'
    /opt/ruby-enterprise-1.8.6-20090610/lib/ruby/gems/1.8/gems/activerecord-2.3.5/lib/active_record/query_cache.rb:29:in `call'
    /opt/ruby-enterprise-1.8.6-20090610/lib/ruby/gems/1.8/gems/activerecord-2.3.5/lib/active_record/query_cache.rb:29:in `call'
    /opt/ruby-enterprise-1.8.6-20090610/lib/ruby/gems/1.8/gems/activerecord-2.3.5/lib/active_record/connection_adapters/abstract/query_cache.rb:34:in `cache'
    /opt/ruby-enterprise-1.8.6-20090610/lib/ruby/gems/1.8/gems/activerecord-2.3.5/lib/active_record/query_cache.rb:9:in `cache'
    /opt/ruby-enterprise-1.8.6-20090610/lib/ruby/gems/1.8/gems/activerecord-2.3.5/lib/active_record/query_cache.rb:28:in `call'
    /opt/ruby-enterprise-1.8.6-20090610/lib/ruby/gems/1.8/gems/activerecord-2.3.5/lib/active_record/connection_adapters/abstract/connection_pool.rb:361:in `call'
    /opt/ruby-enterprise-1.8.6-20090610/lib/ruby/gems/1.8/gems/actionpack-2.3.5/lib/action_controller/string_coercion.rb:25:in `call'
    /opt/ruby-enterprise-1.8.6-20090610/lib/ruby/gems/1.8/gems/rack-1.0.1/lib/rack/head.rb:9:in `call'
    /opt/ruby-enterprise-1.8.6-20090610/lib/ruby/gems/1.8/gems/rack-1.0.1/lib/rack/methodoverride.rb:24:in `call'
    /opt/ruby-enterprise-1.8.6-20090610/lib/ruby/gems/1.8/gems/actionpack-2.3.5/lib/action_controller/params_parser.rb:15:in `call'
    /opt/ruby-enterprise-1.8.6-20090610/lib/ruby/gems/1.8/gems/actionpack-2.3.5/lib/action_controller/session/cookie_store.rb:93:in `call'
    /opt/ruby-enterprise-1.8.6-20090610/lib/ruby/gems/1.8/gems/actionpack-2.3.5/lib/action_controller/failsafe.rb:26:in `call'
    /opt/ruby-enterprise-1.8.6-20090610/lib/ruby/gems/1.8/gems/rack-1.0.1/lib/rack/lock.rb:11:in `call'
    /opt/ruby-enterprise-1.8.6-20090610/lib/ruby/gems/1.8/gems/rack-1.0.1/lib/rack/lock.rb:11:in `synchronize'
    /opt/ruby-enterprise-1.8.6-20090610/lib/ruby/gems/1.8/gems/rack-1.0.1/lib/rack/lock.rb:11:in `call'
    /opt/ruby-enterprise-1.8.6-20090610/lib/ruby/gems/1.8/gems/actionpack-2.3.5/lib/action_controller/dispatcher.rb:114:in `call'
    /opt/ruby-enterprise-1.8.6-20090610/lib/ruby/gems/1.8/gems/actionpack-2.3.5/lib/action_controller/reloader.rb:34:in `run'
    /opt/ruby-enterprise-1.8.6-20090610/lib/ruby/gems/1.8/gems/actionpack-2.3.5/lib/action_controller/dispatcher.rb:108:in `call'
    /opt/ruby-enterprise-1.8.6-20090610/lib/ruby/gems/1.8/gems/rails-2.3.5/lib/rails/rack/static.rb:31:in `call'
    /opt/ruby-enterprise-1.8.6-20090610/lib/ruby/gems/1.8/gems/rack-1.0.1/lib/rack/urlmap.rb:46:in `call'
    /opt/ruby-enterprise-1.8.6-20090610/lib/ruby/gems/1.8/gems/rack-1.0.1/lib/rack/urlmap.rb:40:in `each'
    /opt/ruby-enterprise-1.8.6-20090610/lib/ruby/gems/1.8/gems/rack-1.0.1/lib/rack/urlmap.rb:40:in `call'
    /opt/ruby-enterprise-1.8.6-20090610/lib/ruby/gems/1.8/gems/rails-2.3.5/lib/rails/rack/log_tailer.rb:17:in `call'
    /opt/ruby-enterprise-1.8.6-20090610/lib/ruby/gems/1.8/gems/rack-1.0.1/lib/rack/content_length.rb:13:in `call'
    /opt/ruby-enterprise-1.8.6-20090610/lib/ruby/gems/1.8/gems/rack-1.0.1/lib/rack/handler/webrick.rb:50:in `service'
    /opt/ruby-enterprise-1.8.6-20090610/lib/ruby/1.8/webrick/httpserver.rb:104:in `service'
    /opt/ruby-enterprise-1.8.6-20090610/lib/ruby/1.8/webrick/httpserver.rb:65:in `run'
    /opt/ruby-enterprise-1.8.6-20090610/lib/ruby/1.8/webrick/server.rb:173:in `start_thread'
    /opt/ruby-enterprise-1.8.6-20090610/lib/ruby/1.8/webrick/server.rb:162:in `start'
    /opt/ruby-enterprise-1.8.6-20090610/lib/ruby/1.8/webrick/server.rb:162:in `start_thread'
    /opt/ruby-enterprise-1.8.6-20090610/lib/ruby/1.8/webrick/server.rb:95:in `start'
    /opt/ruby-enterprise-1.8.6-20090610/lib/ruby/1.8/webrick/server.rb:92:in `each'
    /opt/ruby-enterprise-1.8.6-20090610/lib/ruby/1.8/webrick/server.rb:92:in `start'
    /opt/ruby-enterprise-1.8.6-20090610/lib/ruby/1.8/webrick/server.rb:23:in `start'
    /opt/ruby-enterprise-1.8.6-20090610/lib/ruby/1.8/webrick/server.rb:82:in `start'
    /opt/ruby-enterprise-1.8.6-20090610/lib/ruby/gems/1.8/gems/rack-1.0.1/lib/rack/handler/webrick.rb:14:in `run'
    /opt/ruby-enterprise-1.8.6-20090610/lib/ruby/gems/1.8/gems/rails-2.3.5/lib/commands/server.rb:111
    /opt/ruby-enterprise-1.8.6-20090610/lib/ruby/site_ruby/1.8/rubygems/custom_require.rb:31:in `gem_original_require'
    /opt/ruby-enterprise-1.8.6-20090610/lib/ruby/site_ruby/1.8/rubygems/custom_require.rb:31:in `require'
    /Users/billdoughty/src/capitalthought/charts/script/server:3
  [4;36;1mSQL (0.1ms)[0m   [0;1mSET NAMES 'utf8'[0m
  [4;35;1mSQL (0.1ms)[0m   [0mSET SQL_AUTO_IS_NULL=0[0m


Processing ApplicationController#index (for 127.0.0.1 at 2010-08-30 19:16:31) [GET]

ActionController::RoutingError (No route matches "/charts/test" with {:method=>:get}):
  /opt/ruby-enterprise-1.8.6-20090610/lib/ruby/1.8/webrick/httpserver.rb:104:in `service'
  /opt/ruby-enterprise-1.8.6-20090610/lib/ruby/1.8/webrick/httpserver.rb:65:in `run'
  /opt/ruby-enterprise-1.8.6-20090610/lib/ruby/1.8/webrick/server.rb:173:in `start_thread'
  /opt/ruby-enterprise-1.8.6-20090610/lib/ruby/1.8/webrick/server.rb:162:in `start'
  /opt/ruby-enterprise-1.8.6-20090610/lib/ruby/1.8/webrick/server.rb:162:in `start_thread'
  /opt/ruby-enterprise-1.8.6-20090610/lib/ruby/1.8/webrick/server.rb:95:in `start'
  /opt/ruby-enterprise-1.8.6-20090610/lib/ruby/1.8/webrick/server.rb:92:in `each'
  /opt/ruby-enterprise-1.8.6-20090610/lib/ruby/1.8/webrick/server.rb:92:in `start'
  /opt/ruby-enterprise-1.8.6-20090610/lib/ruby/1.8/webrick/server.rb:23:in `start'
  /opt/ruby-enterprise-1.8.6-20090610/lib/ruby/1.8/webrick/server.rb:82:in `start'

Rendering rescues/layout (not_found)
  [4;36;1mSQL (0.1ms)[0m   [0;1mSET NAMES 'utf8'[0m
  [4;35;1mSQL (0.1ms)[0m   [0mSET SQL_AUTO_IS_NULL=0[0m


Processing ChartsController#test (for 127.0.0.1 at 2010-08-30 19:16:42) [GET]
Rendering template within layouts/application
Rendering charts/test

ActionView::TemplateError (undefined method `min' for 130:Fixnum) on line #1 of app/views/charts/test.html.erb:
1: <%= chart_composition( [["Siamese", 2], ["Calico", 3], ["Black", 8]], {:width=>400, :height=>300, :title=>"Cats" } ) %>

    app/helpers/am_charts_helper.rb:72:in `am_chart_composition'
    app/helpers/charts_helper.rb:19:in `chart_composition'
    app/views/charts/test.html.erb:1
    /opt/ruby-enterprise-1.8.6-20090610/lib/ruby/1.8/webrick/httpserver.rb:104:in `service'
    /opt/ruby-enterprise-1.8.6-20090610/lib/ruby/1.8/webrick/httpserver.rb:65:in `run'
    /opt/ruby-enterprise-1.8.6-20090610/lib/ruby/1.8/webrick/server.rb:173:in `start_thread'
    /opt/ruby-enterprise-1.8.6-20090610/lib/ruby/1.8/webrick/server.rb:162:in `start'
    /opt/ruby-enterprise-1.8.6-20090610/lib/ruby/1.8/webrick/server.rb:162:in `start_thread'
    /opt/ruby-enterprise-1.8.6-20090610/lib/ruby/1.8/webrick/server.rb:95:in `start'
    /opt/ruby-enterprise-1.8.6-20090610/lib/ruby/1.8/webrick/server.rb:92:in `each'
    /opt/ruby-enterprise-1.8.6-20090610/lib/ruby/1.8/webrick/server.rb:92:in `start'
    /opt/ruby-enterprise-1.8.6-20090610/lib/ruby/1.8/webrick/server.rb:23:in `start'
    /opt/ruby-enterprise-1.8.6-20090610/lib/ruby/1.8/webrick/server.rb:82:in `start'

Rendered rescues/_trace (56.0ms)
Rendered rescues/_request_and_response (24.0ms)
Rendering rescues/layout (internal_server_error)
  [4;36;1mSQL (0.1ms)[0m   [0;1mSET NAMES 'utf8'[0m
  [4;35;1mSQL (0.1ms)[0m   [0mSET SQL_AUTO_IS_NULL=0[0m


Processing ChartsController#test (for 127.0.0.1 at 2010-08-30 19:17:24) [GET]
Rendering template within layouts/application
Rendering charts/test

ActionView::TemplateError (uninitialized constant AmChartsHelper::Ambling) on line #1 of app/views/charts/test.html.erb:
1: <%= chart_composition( [["Siamese", 2], ["Calico", 3], ["Black", 8]], {:width=>400, :height=>300, :title=>"Cats" } ) %>

    app/helpers/am_charts_helper.rb:77:in `am_chart_composition'
    app/helpers/charts_helper.rb:19:in `chart_composition'
    app/views/charts/test.html.erb:1
    /opt/ruby-enterprise-1.8.6-20090610/lib/ruby/1.8/webrick/httpserver.rb:104:in `service'
    /opt/ruby-enterprise-1.8.6-20090610/lib/ruby/1.8/webrick/httpserver.rb:65:in `run'
    /opt/ruby-enterprise-1.8.6-20090610/lib/ruby/1.8/webrick/server.rb:173:in `start_thread'
    /opt/ruby-enterprise-1.8.6-20090610/lib/ruby/1.8/webrick/server.rb:162:in `start'
    /opt/ruby-enterprise-1.8.6-20090610/lib/ruby/1.8/webrick/server.rb:162:in `start_thread'
    /opt/ruby-enterprise-1.8.6-20090610/lib/ruby/1.8/webrick/server.rb:95:in `start'
    /opt/ruby-enterprise-1.8.6-20090610/lib/ruby/1.8/webrick/server.rb:92:in `each'
    /opt/ruby-enterprise-1.8.6-20090610/lib/ruby/1.8/webrick/server.rb:92:in `start'
    /opt/ruby-enterprise-1.8.6-20090610/lib/ruby/1.8/webrick/server.rb:23:in `start'
    /opt/ruby-enterprise-1.8.6-20090610/lib/ruby/1.8/webrick/server.rb:82:in `start'

Rendered rescues/_trace (109.8ms)
Rendered rescues/_request_and_response (1.8ms)
Rendering rescues/layout (internal_server_error)
  [4;36;1mSQL (0.1ms)[0m   [0;1mSET NAMES 'utf8'[0m
  [4;35;1mSQL (0.1ms)[0m   [0mSET SQL_AUTO_IS_NULL=0[0m


Processing ChartsController#test (for 127.0.0.1 at 2010-08-30 19:17:38) [GET]
Rendering template within layouts/application
Rendering charts/test

ActionView::TemplateError (uninitialized constant AmChartsHelper::Ambling) on line #1 of app/views/charts/test.html.erb:
1: <%= chart_composition( [["Siamese", 2], ["Calico", 3], ["Black", 8]], {:width=>400, :height=>300, :title=>"Cats" } ) %>

    app/helpers/am_charts_helper.rb:77:in `am_chart_composition'
    app/helpers/charts_helper.rb:19:in `chart_composition'
    app/views/charts/test.html.erb:1
    /opt/ruby-enterprise-1.8.6-20090610/lib/ruby/1.8/webrick/httpserver.rb:104:in `service'
    /opt/ruby-enterprise-1.8.6-20090610/lib/ruby/1.8/webrick/httpserver.rb:65:in `run'
    /opt/ruby-enterprise-1.8.6-20090610/lib/ruby/1.8/webrick/server.rb:173:in `start_thread'
    /opt/ruby-enterprise-1.8.6-20090610/lib/ruby/1.8/webrick/server.rb:162:in `start'
    /opt/ruby-enterprise-1.8.6-20090610/lib/ruby/1.8/webrick/server.rb:162:in `start_thread'
    /opt/ruby-enterprise-1.8.6-20090610/lib/ruby/1.8/webrick/server.rb:95:in `start'
    /opt/ruby-enterprise-1.8.6-20090610/lib/ruby/1.8/webrick/server.rb:92:in `each'
    /opt/ruby-enterprise-1.8.6-20090610/lib/ruby/1.8/webrick/server.rb:92:in `start'
    /opt/ruby-enterprise-1.8.6-20090610/lib/ruby/1.8/webrick/server.rb:23:in `start'
    /opt/ruby-enterprise-1.8.6-20090610/lib/ruby/1.8/webrick/server.rb:82:in `start'

Rendered rescues/_trace (54.5ms)
Rendered rescues/_request_and_response (0.3ms)
Rendering rescues/layout (internal_server_error)
  [4;36;1mSQL (0.1ms)[0m   [0;1mSET NAMES 'utf8'[0m
  [4;35;1mSQL (0.4ms)[0m   [0mSET SQL_AUTO_IS_NULL=0[0m


Processing ChartsController#test (for 127.0.0.1 at 2010-08-30 19:19:44) [GET]
Rendering template within layouts/application
Rendering charts/test

ActionView::TemplateError (wrong number of arguments (1 for 2)) on line #7 of app/views/layouts/application.html.erb:
4:   <head>
5:     <meta http-equiv="content-type" content="text/html;charset=UTF-8" />
6:     <script type="text/javascript" src="http://www.google.com/jsapi"></script>
7:     <%= stylesheet_tag 'charts' %>
8:     <%= javascript_include_tag "swfobject" %>
9:     <%= javascript_include_tag "thickbox" %>
10:     

    app/views/layouts/application.html.erb:7:in `stylesheet_tag'
    app/views/layouts/application.html.erb:7
    /opt/ruby-enterprise-1.8.6-20090610/lib/ruby/1.8/webrick/httpserver.rb:104:in `service'
    /opt/ruby-enterprise-1.8.6-20090610/lib/ruby/1.8/webrick/httpserver.rb:65:in `run'
    /opt/ruby-enterprise-1.8.6-20090610/lib/ruby/1.8/webrick/server.rb:173:in `start_thread'
    /opt/ruby-enterprise-1.8.6-20090610/lib/ruby/1.8/webrick/server.rb:162:in `start'
    /opt/ruby-enterprise-1.8.6-20090610/lib/ruby/1.8/webrick/server.rb:162:in `start_thread'
    /opt/ruby-enterprise-1.8.6-20090610/lib/ruby/1.8/webrick/server.rb:95:in `start'
    /opt/ruby-enterprise-1.8.6-20090610/lib/ruby/1.8/webrick/server.rb:92:in `each'
    /opt/ruby-enterprise-1.8.6-20090610/lib/ruby/1.8/webrick/server.rb:92:in `start'
    /opt/ruby-enterprise-1.8.6-20090610/lib/ruby/1.8/webrick/server.rb:23:in `start'
    /opt/ruby-enterprise-1.8.6-20090610/lib/ruby/1.8/webrick/server.rb:82:in `start'

Rendered rescues/_trace (60.1ms)
Rendered rescues/_request_and_response (2.1ms)
Rendering rescues/layout (internal_server_error)
  [4;36;1mSQL (0.1ms)[0m   [0;1mSET NAMES 'utf8'[0m
  [4;35;1mSQL (0.1ms)[0m   [0mSET SQL_AUTO_IS_NULL=0[0m


Processing ChartsController#test (for 127.0.0.1 at 2010-08-30 19:20:30) [GET]
Rendering template within layouts/application
Rendering charts/test
Completed in 31ms (View: 30, DB: 0) | 200 OK [http://localhost/charts/test]
  [4;36;1mSQL (0.1ms)[0m   [0;1mSET NAMES 'utf8'[0m
  [4;35;1mSQL (0.1ms)[0m   [0mSET SQL_AUTO_IS_NULL=0[0m


Processing ApplicationController#index (for 127.0.0.1 at 2010-08-30 19:20:30) [GET]

ActionController::RoutingError (No route matches "/stylesheets/charts.css" with {:method=>:get}):
  /opt/ruby-enterprise-1.8.6-20090610/lib/ruby/1.8/webrick/httpserver.rb:104:in `service'
  /opt/ruby-enterprise-1.8.6-20090610/lib/ruby/1.8/webrick/httpserver.rb:65:in `run'
  /opt/ruby-enterprise-1.8.6-20090610/lib/ruby/1.8/webrick/server.rb:173:in `start_thread'
  /opt/ruby-enterprise-1.8.6-20090610/lib/ruby/1.8/webrick/server.rb:162:in `start'
  /opt/ruby-enterprise-1.8.6-20090610/lib/ruby/1.8/webrick/server.rb:162:in `start_thread'
  /opt/ruby-enterprise-1.8.6-20090610/lib/ruby/1.8/webrick/server.rb:95:in `start'
  /opt/ruby-enterprise-1.8.6-20090610/lib/ruby/1.8/webrick/server.rb:92:in `each'
  /opt/ruby-enterprise-1.8.6-20090610/lib/ruby/1.8/webrick/server.rb:92:in `start'
  /opt/ruby-enterprise-1.8.6-20090610/lib/ruby/1.8/webrick/server.rb:23:in `start'
  /opt/ruby-enterprise-1.8.6-20090610/lib/ruby/1.8/webrick/server.rb:82:in `start'

Rendering rescues/layout (not_found)
  [4;36;1mSQL (0.1ms)[0m   [0;1mSET NAMES 'utf8'[0m
  [4;35;1mSQL (0.2ms)[0m   [0mSET SQL_AUTO_IS_NULL=0[0m


Processing ApplicationController#index (for 127.0.0.1 at 2010-08-30 19:20:30) [GET]

ActionController::RoutingError (No route matches "/javascripts/thickbox.js" with {:method=>:get}):
  /opt/ruby-enterprise-1.8.6-20090610/lib/ruby/1.8/webrick/httpserver.rb:104:in `service'
  /opt/ruby-enterprise-1.8.6-20090610/lib/ruby/1.8/webrick/httpserver.rb:65:in `run'
  /opt/ruby-enterprise-1.8.6-20090610/lib/ruby/1.8/webrick/server.rb:173:in `start_thread'
  /opt/ruby-enterprise-1.8.6-20090610/lib/ruby/1.8/webrick/server.rb:162:in `start'
  /opt/ruby-enterprise-1.8.6-20090610/lib/ruby/1.8/webrick/server.rb:162:in `start_thread'
  /opt/ruby-enterprise-1.8.6-20090610/lib/ruby/1.8/webrick/server.rb:95:in `start'
  /opt/ruby-enterprise-1.8.6-20090610/lib/ruby/1.8/webrick/server.rb:92:in `each'
  /opt/ruby-enterprise-1.8.6-20090610/lib/ruby/1.8/webrick/server.rb:92:in `start'
  /opt/ruby-enterprise-1.8.6-20090610/lib/ruby/1.8/webrick/server.rb:23:in `start'
  /opt/ruby-enterprise-1.8.6-20090610/lib/ruby/1.8/webrick/server.rb:82:in `start'

Rendering rescues/layout (not_found)
  [4;36;1mSQL (0.1ms)[0m   [0;1mSET NAMES 'utf8'[0m
  [4;35;1mSQL (0.1ms)[0m   [0mSET SQL_AUTO_IS_NULL=0[0m


Processing ApplicationController#index (for 127.0.0.1 at 2010-08-30 19:20:30) [GET]

ActionController::RoutingError (No route matches "/amcharts/ampie.swf" with {:method=>:get}):
  /opt/ruby-enterprise-1.8.6-20090610/lib/ruby/1.8/webrick/httpserver.rb:104:in `service'
  /opt/ruby-enterprise-1.8.6-20090610/lib/ruby/1.8/webrick/httpserver.rb:65:in `run'
  /opt/ruby-enterprise-1.8.6-20090610/lib/ruby/1.8/webrick/server.rb:173:in `start_thread'
  /opt/ruby-enterprise-1.8.6-20090610/lib/ruby/1.8/webrick/server.rb:162:in `start'
  /opt/ruby-enterprise-1.8.6-20090610/lib/ruby/1.8/webrick/server.rb:162:in `start_thread'
  /opt/ruby-enterprise-1.8.6-20090610/lib/ruby/1.8/webrick/server.rb:95:in `start'
  /opt/ruby-enterprise-1.8.6-20090610/lib/ruby/1.8/webrick/server.rb:92:in `each'
  /opt/ruby-enterprise-1.8.6-20090610/lib/ruby/1.8/webrick/server.rb:92:in `start'
  /opt/ruby-enterprise-1.8.6-20090610/lib/ruby/1.8/webrick/server.rb:23:in `start'
  /opt/ruby-enterprise-1.8.6-20090610/lib/ruby/1.8/webrick/server.rb:82:in `start'

Rendering rescues/layout (not_found)
  [4;36;1mSQL (0.1ms)[0m   [0;1mSET NAMES 'utf8'[0m
  [4;35;1mSQL (0.1ms)[0m   [0mSET SQL_AUTO_IS_NULL=0[0m


Processing ChartsController#test (for 127.0.0.1 at 2010-08-30 19:21:23) [GET]
Rendering template within layouts/application
Rendering charts/test
Completed in 16ms (View: 15, DB: 0) | 200 OK [http://localhost/charts/test]
  [4;36;1mSQL (0.1ms)[0m   [0;1mSET NAMES 'utf8'[0m
  [4;35;1mSQL (0.1ms)[0m   [0mSET SQL_AUTO_IS_NULL=0[0m


Processing ApplicationController#index (for 127.0.0.1 at 2010-08-30 19:21:23) [GET]

ActionController::RoutingError (No route matches "/stylesheets/charts.css" with {:method=>:get}):
  /opt/ruby-enterprise-1.8.6-20090610/lib/ruby/1.8/webrick/httpserver.rb:104:in `service'
  /opt/ruby-enterprise-1.8.6-20090610/lib/ruby/1.8/webrick/httpserver.rb:65:in `run'
  /opt/ruby-enterprise-1.8.6-20090610/lib/ruby/1.8/webrick/server.rb:173:in `start_thread'
  /opt/ruby-enterprise-1.8.6-20090610/lib/ruby/1.8/webrick/server.rb:162:in `start'
  /opt/ruby-enterprise-1.8.6-20090610/lib/ruby/1.8/webrick/server.rb:162:in `start_thread'
  /opt/ruby-enterprise-1.8.6-20090610/lib/ruby/1.8/webrick/server.rb:95:in `start'
  /opt/ruby-enterprise-1.8.6-20090610/lib/ruby/1.8/webrick/server.rb:92:in `each'
  /opt/ruby-enterprise-1.8.6-20090610/lib/ruby/1.8/webrick/server.rb:92:in `start'
  /opt/ruby-enterprise-1.8.6-20090610/lib/ruby/1.8/webrick/server.rb:23:in `start'
  /opt/ruby-enterprise-1.8.6-20090610/lib/ruby/1.8/webrick/server.rb:82:in `start'

Rendering rescues/layout (not_found)
  [4;36;1mSQL (0.1ms)[0m   [0;1mSET NAMES 'utf8'[0m
  [4;35;1mSQL (0.1ms)[0m   [0mSET SQL_AUTO_IS_NULL=0[0m


Processing ApplicationController#index (for 127.0.0.1 at 2010-08-30 19:21:23) [GET]

ActionController::RoutingError (No route matches "/javascripts/thickbox.js" with {:method=>:get}):
  /opt/ruby-enterprise-1.8.6-20090610/lib/ruby/1.8/webrick/httpserver.rb:104:in `service'
  /opt/ruby-enterprise-1.8.6-20090610/lib/ruby/1.8/webrick/httpserver.rb:65:in `run'
  /opt/ruby-enterprise-1.8.6-20090610/lib/ruby/1.8/webrick/server.rb:173:in `start_thread'
  /opt/ruby-enterprise-1.8.6-20090610/lib/ruby/1.8/webrick/server.rb:162:in `start'
  /opt/ruby-enterprise-1.8.6-20090610/lib/ruby/1.8/webrick/server.rb:162:in `start_thread'
  /opt/ruby-enterprise-1.8.6-20090610/lib/ruby/1.8/webrick/server.rb:95:in `start'
  /opt/ruby-enterprise-1.8.6-20090610/lib/ruby/1.8/webrick/server.rb:92:in `each'
  /opt/ruby-enterprise-1.8.6-20090610/lib/ruby/1.8/webrick/server.rb:92:in `start'
  /opt/ruby-enterprise-1.8.6-20090610/lib/ruby/1.8/webrick/server.rb:23:in `start'
  /opt/ruby-enterprise-1.8.6-20090610/lib/ruby/1.8/webrick/server.rb:82:in `start'

Rendering rescues/layout (not_found)
  [4;36;1mSQL (0.1ms)[0m   [0;1mSET NAMES 'utf8'[0m
  [4;35;1mSQL (0.1ms)[0m   [0mSET SQL_AUTO_IS_NULL=0[0m


Processing ApplicationController#index (for 127.0.0.1 at 2010-08-30 19:21:28) [GET]

ActionController::RoutingError (No route matches "/amcharts/ampie.swf" with {:method=>:get}):
  /opt/ruby-enterprise-1.8.6-20090610/lib/ruby/1.8/webrick/httpserver.rb:104:in `service'
  /opt/ruby-enterprise-1.8.6-20090610/lib/ruby/1.8/webrick/httpserver.rb:65:in `run'
  /opt/ruby-enterprise-1.8.6-20090610/lib/ruby/1.8/webrick/server.rb:173:in `start_thread'
  /opt/ruby-enterprise-1.8.6-20090610/lib/ruby/1.8/webrick/server.rb:162:in `start'
  /opt/ruby-enterprise-1.8.6-20090610/lib/ruby/1.8/webrick/server.rb:162:in `start_thread'
  /opt/ruby-enterprise-1.8.6-20090610/lib/ruby/1.8/webrick/server.rb:95:in `start'
  /opt/ruby-enterprise-1.8.6-20090610/lib/ruby/1.8/webrick/server.rb:92:in `each'
  /opt/ruby-enterprise-1.8.6-20090610/lib/ruby/1.8/webrick/server.rb:92:in `start'
  /opt/ruby-enterprise-1.8.6-20090610/lib/ruby/1.8/webrick/server.rb:23:in `start'
  /opt/ruby-enterprise-1.8.6-20090610/lib/ruby/1.8/webrick/server.rb:82:in `start'

Rendering rescues/layout (not_found)
  [4;36;1mSQL (0.1ms)[0m   [0;1mSET NAMES 'utf8'[0m
  [4;35;1mSQL (0.1ms)[0m   [0mSET SQL_AUTO_IS_NULL=0[0m


Processing ChartsController#test (for 127.0.0.1 at 2010-08-30 19:22:23) [GET]
Rendering template within layouts/application
Rendering charts/test
Completed in 16ms (View: 14, DB: 0) | 200 OK [http://localhost/charts/test]
  [4;36;1mSQL (0.2ms)[0m   [0;1mSET NAMES 'utf8'[0m
  [4;35;1mSQL (0.2ms)[0m   [0mSET SQL_AUTO_IS_NULL=0[0m


Processing ApplicationController#index (for 127.0.0.1 at 2010-08-30 19:22:23) [GET]

ActionController::RoutingError (No route matches "/stylesheets/charts.css" with {:method=>:get}):
  /opt/ruby-enterprise-1.8.6-20090610/lib/ruby/1.8/webrick/httpserver.rb:104:in `service'
  /opt/ruby-enterprise-1.8.6-20090610/lib/ruby/1.8/webrick/httpserver.rb:65:in `run'
  /opt/ruby-enterprise-1.8.6-20090610/lib/ruby/1.8/webrick/server.rb:173:in `start_thread'
  /opt/ruby-enterprise-1.8.6-20090610/lib/ruby/1.8/webrick/server.rb:162:in `start'
  /opt/ruby-enterprise-1.8.6-20090610/lib/ruby/1.8/webrick/server.rb:162:in `start_thread'
  /opt/ruby-enterprise-1.8.6-20090610/lib/ruby/1.8/webrick/server.rb:95:in `start'
  /opt/ruby-enterprise-1.8.6-20090610/lib/ruby/1.8/webrick/server.rb:92:in `each'
  /opt/ruby-enterprise-1.8.6-20090610/lib/ruby/1.8/webrick/server.rb:92:in `start'
  /opt/ruby-enterprise-1.8.6-20090610/lib/ruby/1.8/webrick/server.rb:23:in `start'
  /opt/ruby-enterprise-1.8.6-20090610/lib/ruby/1.8/webrick/server.rb:82:in `start'

Rendering rescues/layout (not_found)
  [4;36;1mSQL (0.1ms)[0m   [0;1mSET NAMES 'utf8'[0m
  [4;35;1mSQL (0.2ms)[0m   [0mSET SQL_AUTO_IS_NULL=0[0m


Processing ApplicationController#index (for 127.0.0.1 at 2010-08-30 19:22:23) [GET]

ActionController::RoutingError (No route matches "/javascripts/thickbox.js" with {:method=>:get}):
  /opt/ruby-enterprise-1.8.6-20090610/lib/ruby/1.8/webrick/httpserver.rb:104:in `service'
  /opt/ruby-enterprise-1.8.6-20090610/lib/ruby/1.8/webrick/httpserver.rb:65:in `run'
  /opt/ruby-enterprise-1.8.6-20090610/lib/ruby/1.8/webrick/server.rb:173:in `start_thread'
  /opt/ruby-enterprise-1.8.6-20090610/lib/ruby/1.8/webrick/server.rb:162:in `start'
  /opt/ruby-enterprise-1.8.6-20090610/lib/ruby/1.8/webrick/server.rb:162:in `start_thread'
  /opt/ruby-enterprise-1.8.6-20090610/lib/ruby/1.8/webrick/server.rb:95:in `start'
  /opt/ruby-enterprise-1.8.6-20090610/lib/ruby/1.8/webrick/server.rb:92:in `each'
  /opt/ruby-enterprise-1.8.6-20090610/lib/ruby/1.8/webrick/server.rb:92:in `start'
  /opt/ruby-enterprise-1.8.6-20090610/lib/ruby/1.8/webrick/server.rb:23:in `start'
  /opt/ruby-enterprise-1.8.6-20090610/lib/ruby/1.8/webrick/server.rb:82:in `start'

Rendering rescues/layout (not_found)
  [4;36;1mSQL (0.1ms)[0m   [0;1mSET NAMES 'utf8'[0m
  [4;35;1mSQL (0.1ms)[0m   [0mSET SQL_AUTO_IS_NULL=0[0m


Processing ApplicationController#index (for 127.0.0.1 at 2010-08-30 19:22:24) [GET]

ActionController::RoutingError (No route matches "/amcharts/ampie.swf" with {:method=>:get}):
  /opt/ruby-enterprise-1.8.6-20090610/lib/ruby/1.8/webrick/httpserver.rb:104:in `service'
  /opt/ruby-enterprise-1.8.6-20090610/lib/ruby/1.8/webrick/httpserver.rb:65:in `run'
  /opt/ruby-enterprise-1.8.6-20090610/lib/ruby/1.8/webrick/server.rb:173:in `start_thread'
  /opt/ruby-enterprise-1.8.6-20090610/lib/ruby/1.8/webrick/server.rb:162:in `start'
  /opt/ruby-enterprise-1.8.6-20090610/lib/ruby/1.8/webrick/server.rb:162:in `start_thread'
  /opt/ruby-enterprise-1.8.6-20090610/lib/ruby/1.8/webrick/server.rb:95:in `start'
  /opt/ruby-enterprise-1.8.6-20090610/lib/ruby/1.8/webrick/server.rb:92:in `each'
  /opt/ruby-enterprise-1.8.6-20090610/lib/ruby/1.8/webrick/server.rb:92:in `start'
  /opt/ruby-enterprise-1.8.6-20090610/lib/ruby/1.8/webrick/server.rb:23:in `start'
  /opt/ruby-enterprise-1.8.6-20090610/lib/ruby/1.8/webrick/server.rb:82:in `start'

Rendering rescues/layout (not_found)
  [4;36;1mSQL (0.1ms)[0m   [0;1mSET NAMES 'utf8'[0m
  [4;35;1mSQL (0.1ms)[0m   [0mSET SQL_AUTO_IS_NULL=0[0m


Processing ChartsController#test (for 127.0.0.1 at 2010-08-30 19:23:18) [GET]
Rendering template within layouts/application
Rendering charts/test
Completed in 12ms (View: 10, DB: 0) | 200 OK [http://localhost/charts/test]
  [4;36;1mSQL (0.1ms)[0m   [0;1mSET NAMES 'utf8'[0m
  [4;35;1mSQL (0.2ms)[0m   [0mSET SQL_AUTO_IS_NULL=0[0m


Processing ApplicationController#index (for 127.0.0.1 at 2010-08-30 19:23:19) [GET]

ActionController::RoutingError (No route matches "/amcharts/ampie.swf" with {:method=>:get}):
  /opt/ruby-enterprise-1.8.6-20090610/lib/ruby/1.8/webrick/httpserver.rb:104:in `service'
  /opt/ruby-enterprise-1.8.6-20090610/lib/ruby/1.8/webrick/httpserver.rb:65:in `run'
  /opt/ruby-enterprise-1.8.6-20090610/lib/ruby/1.8/webrick/server.rb:173:in `start_thread'
  /opt/ruby-enterprise-1.8.6-20090610/lib/ruby/1.8/webrick/server.rb:162:in `start'
  /opt/ruby-enterprise-1.8.6-20090610/lib/ruby/1.8/webrick/server.rb:162:in `start_thread'
  /opt/ruby-enterprise-1.8.6-20090610/lib/ruby/1.8/webrick/server.rb:95:in `start'
  /opt/ruby-enterprise-1.8.6-20090610/lib/ruby/1.8/webrick/server.rb:92:in `each'
  /opt/ruby-enterprise-1.8.6-20090610/lib/ruby/1.8/webrick/server.rb:92:in `start'
  /opt/ruby-enterprise-1.8.6-20090610/lib/ruby/1.8/webrick/server.rb:23:in `start'
  /opt/ruby-enterprise-1.8.6-20090610/lib/ruby/1.8/webrick/server.rb:82:in `start'

Rendering rescues/layout (not_found)
  [4;36;1mSQL (0.1ms)[0m   [0;1mSET NAMES 'utf8'[0m
  [4;35;1mSQL (0.1ms)[0m   [0mSET SQL_AUTO_IS_NULL=0[0m


Processing ChartsController#test (for 127.0.0.1 at 2010-08-30 19:23:56) [GET]
Rendering template within layouts/application
Rendering charts/test
Completed in 12ms (View: 10, DB: 0) | 200 OK [http://localhost/charts/test]
  [4;36;1mSQL (0.1ms)[0m   [0;1mSET NAMES 'utf8'[0m
  [4;35;1mSQL (0.1ms)[0m   [0mSET SQL_AUTO_IS_NULL=0[0m


Processing ChartsController#test (for 127.0.0.1 at 2010-08-30 19:29:55) [GET]
Rendering template within layouts/application
Rendering charts/test

ActionView::TemplateError (undefined method `set_flash_compatibility' for #<ChartsController:0x216bc1c>) on line #2 of app/views/charts/test.html.erb:
1: <% for flash_compatibility in [true, false] do 
2:   controller.set_flash_compatibility( flash_compatibility ) %>
3:   <div class="plain" >
4:     <%= chart_composition( [["Siamese", 2], ["Calico", 3], ["Black", 8]], {:width=>400, :height=>300, :title=>"Cats" } ) %>
5:   </div>

    app/views/charts/test.html.erb:2
    app/views/charts/test.html.erb:1:in `each'
    app/views/charts/test.html.erb:1
    /opt/ruby-enterprise-1.8.6-20090610/lib/ruby/1.8/webrick/httpserver.rb:104:in `service'
    /opt/ruby-enterprise-1.8.6-20090610/lib/ruby/1.8/webrick/httpserver.rb:65:in `run'
    /opt/ruby-enterprise-1.8.6-20090610/lib/ruby/1.8/webrick/server.rb:173:in `start_thread'
    /opt/ruby-enterprise-1.8.6-20090610/lib/ruby/1.8/webrick/server.rb:162:in `start'
    /opt/ruby-enterprise-1.8.6-20090610/lib/ruby/1.8/webrick/server.rb:162:in `start_thread'
    /opt/ruby-enterprise-1.8.6-20090610/lib/ruby/1.8/webrick/server.rb:95:in `start'
    /opt/ruby-enterprise-1.8.6-20090610/lib/ruby/1.8/webrick/server.rb:92:in `each'
    /opt/ruby-enterprise-1.8.6-20090610/lib/ruby/1.8/webrick/server.rb:92:in `start'
    /opt/ruby-enterprise-1.8.6-20090610/lib/ruby/1.8/webrick/server.rb:23:in `start'
    /opt/ruby-enterprise-1.8.6-20090610/lib/ruby/1.8/webrick/server.rb:82:in `start'

Rendered rescues/_trace (51.8ms)
Rendered rescues/_request_and_response (1.9ms)
Rendering rescues/layout (internal_server_error)
  [4;36;1mSQL (0.1ms)[0m   [0;1mSET NAMES 'utf8'[0m
  [4;35;1mSQL (0.1ms)[0m   [0mSET SQL_AUTO_IS_NULL=0[0m


Processing ChartsController#test (for 127.0.0.1 at 2010-08-30 19:30:09) [GET]
Rendering template within layouts/application
Rendering charts/test
Completed in 13ms (View: 12, DB: 0) | 200 OK [http://localhost/charts/test]
  [4;36;1mSQL (0.1ms)[0m   [0;1mSET NAMES 'utf8'[0m
  [4;35;1mSQL (0.1ms)[0m   [0mSET SQL_AUTO_IS_NULL=0[0m


Processing ChartsController#test (for 127.0.0.1 at 2010-08-30 19:31:31) [GET]
Rendering template within layouts/application
Rendering charts/test
Completed in 13ms (View: 12, DB: 0) | 200 OK [http://localhost/charts/test]
  [4;36;1mSQL (0.1ms)[0m   [0;1mSET NAMES 'utf8'[0m
  [4;35;1mSQL (0.1ms)[0m   [0mSET SQL_AUTO_IS_NULL=0[0m


Processing ChartsController#test (for 127.0.0.1 at 2010-08-30 19:32:06) [GET]
Rendering template within layouts/application
Rendering charts/test
Completed in 13ms (View: 11, DB: 0) | 200 OK [http://localhost/charts/test]
  [4;36;1mSQL (0.1ms)[0m   [0;1mSET NAMES 'utf8'[0m
  [4;35;1mSQL (0.1ms)[0m   [0mSET SQL_AUTO_IS_NULL=0[0m


Processing ChartsController#test (for 127.0.0.1 at 2010-08-30 19:39:08) [GET]
Rendering template within layouts/application
Rendering charts/test
Completed in 18ms (View: 16, DB: 0) | 200 OK [http://localhost/charts/test]
  [4;36;1mSQL (0.1ms)[0m   [0;1mSET NAMES 'utf8'[0m
  [4;35;1mSQL (0.1ms)[0m   [0mSET SQL_AUTO_IS_NULL=0[0m


Processing ChartsController#test (for 127.0.0.1 at 2010-08-30 19:39:22) [GET]
Rendering template within layouts/application
Rendering charts/test
Completed in 12ms (View: 11, DB: 0) | 200 OK [http://localhost/charts/test]
  [4;36;1mSQL (0.1ms)[0m   [0;1mSET NAMES 'utf8'[0m
  [4;35;1mSQL (0.1ms)[0m   [0mSET SQL_AUTO_IS_NULL=0[0m


Processing ChartsController#test (for 127.0.0.1 at 2010-08-30 19:39:48) [GET]
Rendering template within layouts/application
Rendering charts/test
Completed in 17ms (View: 16, DB: 0) | 200 OK [http://localhost/charts/test]
  [4;36;1mSQL (0.1ms)[0m   [0;1mSET NAMES 'utf8'[0m
  [4;35;1mSQL (0.1ms)[0m   [0mSET SQL_AUTO_IS_NULL=0[0m


Processing ChartsController#test (for 127.0.0.1 at 2010-08-30 19:40:03) [GET]
Rendering template within layouts/application
Rendering charts/test
Completed in 17ms (View: 15, DB: 0) | 200 OK [http://localhost/charts/test]
  [4;36;1mSQL (0.1ms)[0m   [0;1mSET NAMES 'utf8'[0m
  [4;35;1mSQL (0.2ms)[0m   [0mSET SQL_AUTO_IS_NULL=0[0m


Processing ChartsController#test (for 127.0.0.1 at 2010-08-30 19:40:31) [GET]
Rendering template within layouts/application
Rendering charts/test
Completed in 74ms (View: 73, DB: 0) | 200 OK [http://localhost/charts/test]
  [4;36;1mSQL (0.1ms)[0m   [0;1mSET NAMES 'utf8'[0m
  [4;35;1mSQL (0.1ms)[0m   [0mSET SQL_AUTO_IS_NULL=0[0m


Processing ChartsController#test (for 127.0.0.1 at 2010-08-30 19:42:30) [GET]
Rendering template within layouts/application
Rendering charts/test
Completed in 19ms (View: 18, DB: 0) | 200 OK [http://localhost/charts/test]
  [4;36;1mSQL (0.1ms)[0m   [0;1mSET NAMES 'utf8'[0m
  [4;35;1mSQL (0.1ms)[0m   [0mSET SQL_AUTO_IS_NULL=0[0m


Processing ChartsController#test (for 127.0.0.1 at 2010-08-30 19:45:17) [GET]
Rendering template within layouts/application
Rendering charts/test
Completed in 20ms (View: 19, DB: 0) | 200 OK [http://localhost/charts/test]
  [4;36;1mSQL (0.1ms)[0m   [0;1mSET NAMES 'utf8'[0m
  [4;35;1mSQL (0.1ms)[0m   [0mSET SQL_AUTO_IS_NULL=0[0m


Processing ChartsController#test (for 127.0.0.1 at 2010-08-30 19:48:08) [GET]
Rendering template within layouts/application
Rendering charts/test
Completed in 17ms (View: 15, DB: 0) | 200 OK [http://localhost/charts/test]
  [4;36;1mSQL (0.1ms)[0m   [0;1mSET NAMES 'utf8'[0m
  [4;35;1mSQL (0.1ms)[0m   [0mSET SQL_AUTO_IS_NULL=0[0m


Processing ChartsController#test (for 127.0.0.1 at 2010-08-30 19:48:19) [GET]
Rendering template within layouts/application
Rendering charts/test
Completed in 16ms (View: 15, DB: 0) | 200 OK [http://localhost/charts/test]
  [4;36;1mSQL (0.2ms)[0m   [0;1mSET NAMES 'utf8'[0m
  [4;35;1mSQL (1.1ms)[0m   [0mSET SQL_AUTO_IS_NULL=0[0m


Processing ChartsController#test (for 127.0.0.1 at 2010-08-30 19:48:36) [GET]
Rendering template within layouts/application
Rendering charts/test
Completed in 17ms (View: 16, DB: 1) | 200 OK [http://localhost/charts/test]
  [4;36;1mSQL (0.1ms)[0m   [0;1mSET NAMES 'utf8'[0m
  [4;35;1mSQL (0.1ms)[0m   [0mSET SQL_AUTO_IS_NULL=0[0m


Processing ChartsController#test (for 127.0.0.1 at 2010-08-30 19:48:55) [GET]
Rendering template within layouts/application
Rendering charts/test
Completed in 71ms (View: 16, DB: 0) | 200 OK [http://localhost/charts/test]
  [4;36;1mSQL (0.1ms)[0m   [0;1mSET NAMES 'utf8'[0m
  [4;35;1mSQL (0.1ms)[0m   [0mSET SQL_AUTO_IS_NULL=0[0m


Processing ChartsController#test (for 127.0.0.1 at 2010-08-30 19:49:16) [GET]
Rendering template within layouts/application
Rendering charts/test
Completed in 18ms (View: 16, DB: 0) | 200 OK [http://localhost/charts/test]
  [4;36;1mSQL (0.1ms)[0m   [0;1mSET NAMES 'utf8'[0m
  [4;35;1mSQL (0.1ms)[0m   [0mSET SQL_AUTO_IS_NULL=0[0m


Processing ChartsController#test (for 127.0.0.1 at 2010-08-30 19:49:36) [GET]
Rendering template within layouts/application
Rendering charts/test
Completed in 16ms (View: 14, DB: 0) | 200 OK [http://localhost/charts/test]
  [4;36;1mSQL (0.1ms)[0m   [0;1mSET NAMES 'utf8'[0m
  [4;35;1mSQL (0.1ms)[0m   [0mSET SQL_AUTO_IS_NULL=0[0m


Processing ChartsController#test (for 127.0.0.1 at 2010-08-30 19:50:06) [GET]
Rendering template within layouts/application
Rendering charts/test
Completed in 73ms (View: 72, DB: 0) | 200 OK [http://localhost/charts/test]
  [4;36;1mSQL (0.1ms)[0m   [0;1mSET NAMES 'utf8'[0m
  [4;35;1mSQL (0.1ms)[0m   [0mSET SQL_AUTO_IS_NULL=0[0m


Processing ChartsController#test (for 127.0.0.1 at 2010-08-30 19:50:15) [GET]
Rendering template within layouts/application
Rendering charts/test
Completed in 17ms (View: 16, DB: 0) | 200 OK [http://localhost/charts/test]
  [4;36;1mSQL (0.1ms)[0m   [0;1mSET NAMES 'utf8'[0m
  [4;35;1mSQL (0.1ms)[0m   [0mSET SQL_AUTO_IS_NULL=0[0m


Processing ChartsController#test (for 127.0.0.1 at 2010-08-30 19:50:23) [GET]
Rendering template within layouts/application
Rendering charts/test
Completed in 17ms (View: 15, DB: 0) | 200 OK [http://localhost/charts/test]
  [4;36;1mSQL (0.1ms)[0m   [0;1mSET NAMES 'utf8'[0m
  [4;35;1mSQL (0.1ms)[0m   [0mSET SQL_AUTO_IS_NULL=0[0m


Processing ChartsController#test (for 127.0.0.1 at 2010-08-30 19:53:41) [GET]
Rendering template within layouts/application
Rendering charts/test
Completed in 77ms (View: 76, DB: 0) | 200 OK [http://localhost/charts/test]
  [4;36;1mSQL (0.1ms)[0m   [0;1mSET NAMES 'utf8'[0m
  [4;35;1mSQL (0.1ms)[0m   [0mSET SQL_AUTO_IS_NULL=0[0m


Processing ChartsController#test (for 127.0.0.1 at 2010-08-30 19:54:03) [GET]
Rendering template within layouts/application
Rendering charts/test
Completed in 13ms (View: 11, DB: 0) | 200 OK [http://localhost/charts/test]
  [4;36;1mSQL (0.1ms)[0m   [0;1mSET NAMES 'utf8'[0m
  [4;35;1mSQL (0.1ms)[0m   [0mSET SQL_AUTO_IS_NULL=0[0m


Processing ChartsController#test (for 127.0.0.1 at 2010-08-30 19:54:28) [GET]
Rendering template within layouts/application
Rendering charts/test
Completed in 21ms (View: 19, DB: 0) | 200 OK [http://localhost/charts/test]
  [4;36;1mSQL (0.1ms)[0m   [0;1mSET NAMES 'utf8'[0m
  [4;35;1mSQL (0.1ms)[0m   [0mSET SQL_AUTO_IS_NULL=0[0m


Processing ChartsController#test (for 127.0.0.1 at 2010-08-30 19:54:50) [GET]
Rendering template within layouts/application
Rendering charts/test
Completed in 17ms (View: 15, DB: 0) | 200 OK [http://localhost/charts/test]
  [4;36;1mSQL (0.1ms)[0m   [0;1mSET NAMES 'utf8'[0m
  [4;35;1mSQL (0.1ms)[0m   [0mSET SQL_AUTO_IS_NULL=0[0m


Processing ChartsController#test (for 127.0.0.1 at 2010-08-30 19:55:25) [GET]
Rendering template within layouts/application
Rendering charts/test
Completed in 9ms (View: 8, DB: 0) | 200 OK [http://localhost/charts/test]
  [4;36;1mSQL (0.1ms)[0m   [0;1mSET NAMES 'utf8'[0m
  [4;35;1mSQL (0.2ms)[0m   [0mSET SQL_AUTO_IS_NULL=0[0m


Processing ChartsController#test (for 127.0.0.1 at 2010-08-30 19:55:37) [GET]
Rendering template within layouts/application
Rendering charts/test
Completed in 16ms (View: 15, DB: 0) | 200 OK [http://localhost/charts/test]
  [4;36;1mSQL (0.1ms)[0m   [0;1mSET NAMES 'utf8'[0m
  [4;35;1mSQL (0.1ms)[0m   [0mSET SQL_AUTO_IS_NULL=0[0m


Processing ChartsController#test (for 127.0.0.1 at 2010-08-30 19:56:03) [GET]
Rendering template within layouts/application
Rendering charts/test
Completed in 16ms (View: 15, DB: 0) | 200 OK [http://localhost/charts/test]
  [4;36;1mSQL (0.1ms)[0m   [0;1mSET NAMES 'utf8'[0m
  [4;35;1mSQL (0.1ms)[0m   [0mSET SQL_AUTO_IS_NULL=0[0m


Processing ChartsController#test (for 127.0.0.1 at 2010-08-30 19:56:08) [GET]
Rendering template within layouts/application
Rendering charts/test
Completed in 16ms (View: 14, DB: 0) | 200 OK [http://localhost/charts/test]
  [4;36;1mSQL (0.1ms)[0m   [0;1mSET NAMES 'utf8'[0m
  [4;35;1mSQL (0.1ms)[0m   [0mSET SQL_AUTO_IS_NULL=0[0m


Processing ChartsController#test (for 127.0.0.1 at 2010-08-30 19:56:22) [GET]
Rendering template within layouts/application
Rendering charts/test
Completed in 15ms (View: 14, DB: 0) | 200 OK [http://localhost/charts/test]
  [4;36;1mSQL (0.1ms)[0m   [0;1mSET NAMES 'utf8'[0m
  [4;35;1mSQL (0.1ms)[0m   [0mSET SQL_AUTO_IS_NULL=0[0m


Processing ChartsController#test (for 127.0.0.1 at 2010-08-30 19:57:21) [GET]
Rendering template within layouts/application
Rendering charts/test
Completed in 12ms (View: 11, DB: 0) | 200 OK [http://localhost/charts/test]
  [4;36;1mSQL (0.1ms)[0m   [0;1mSET NAMES 'utf8'[0m
  [4;35;1mSQL (0.1ms)[0m   [0mSET SQL_AUTO_IS_NULL=0[0m


Processing ChartsController#test (for 127.0.0.1 at 2010-08-30 19:58:52) [GET]
Rendering template within layouts/application
Rendering charts/test
Completed in 12ms (View: 11, DB: 0) | 200 OK [http://localhost/charts/test]
  [4;36;1mSQL (0.1ms)[0m   [0;1mSET NAMES 'utf8'[0m
  [4;35;1mSQL (0.1ms)[0m   [0mSET SQL_AUTO_IS_NULL=0[0m


Processing ChartsController#test (for 127.0.0.1 at 2010-08-30 19:59:08) [GET]
Rendering template within layouts/application
Rendering charts/test
Completed in 12ms (View: 11, DB: 0) | 200 OK [http://localhost/charts/test]
  [4;36;1mSQL (0.1ms)[0m   [0;1mSET NAMES 'utf8'[0m
  [4;35;1mSQL (0.1ms)[0m   [0mSET SQL_AUTO_IS_NULL=0[0m


Processing ChartsController#test (for 127.0.0.1 at 2010-08-30 19:59:14) [GET]
Rendering template within layouts/application
Rendering charts/test
Completed in 13ms (View: 11, DB: 0) | 200 OK [http://localhost/charts/test]
  [4;36;1mSQL (0.1ms)[0m   [0;1mSET NAMES 'utf8'[0m
  [4;35;1mSQL (0.1ms)[0m   [0mSET SQL_AUTO_IS_NULL=0[0m


Processing ChartsController#test (for 127.0.0.1 at 2010-08-30 19:59:20) [GET]
Rendering template within layouts/application
Rendering charts/test
Completed in 12ms (View: 11, DB: 0) | 200 OK [http://localhost/charts/test]
  [4;36;1mSQL (0.1ms)[0m   [0;1mSET NAMES 'utf8'[0m
  [4;35;1mSQL (0.1ms)[0m   [0mSET SQL_AUTO_IS_NULL=0[0m


Processing ChartsController#test (for 127.0.0.1 at 2010-08-30 20:02:48) [GET]
Rendering template within layouts/application
Rendering charts/test
Completed in 35ms (View: 33, DB: 0) | 200 OK [http://localhost/]
  [4;36;1mSQL (0.1ms)[0m   [0;1mSET NAMES 'utf8'[0m
  [4;35;1mSQL (0.1ms)[0m   [0mSET SQL_AUTO_IS_NULL=0[0m


Processing ChartsController#test (for 127.0.0.1 at 2010-08-30 20:04:52) [GET]
Rendering template within layouts/application
Rendering charts/test
Completed in 21ms (View: 19, DB: 0) | 200 OK [http://localhost/]
  [4;36;1mSQL (0.1ms)[0m   [0;1mSET NAMES 'utf8'[0m
  [4;35;1mSQL (0.1ms)[0m   [0mSET SQL_AUTO_IS_NULL=0[0m


Processing ChartsController#test (for 127.0.0.1 at 2010-08-30 20:06:00) [GET]
Rendering template within layouts/application
Rendering charts/test
Completed in 25ms (View: 24, DB: 0) | 200 OK [http://localhost/]
  [4;36;1mSQL (0.1ms)[0m   [0;1mSET NAMES 'utf8'[0m
  [4;35;1mSQL (0.1ms)[0m   [0mSET SQL_AUTO_IS_NULL=0[0m


Processing ChartsController#test (for 127.0.0.1 at 2010-08-30 20:07:31) [GET]
Rendering template within layouts/application
Rendering charts/test
Completed in 11ms (View: 10, DB: 0) | 200 OK [http://localhost/]
  [4;36;1mSQL (0.1ms)[0m   [0;1mSET NAMES 'utf8'[0m
  [4;35;1mSQL (0.1ms)[0m   [0mSET SQL_AUTO_IS_NULL=0[0m


Processing ChartsController#test (for 127.0.0.1 at 2010-08-30 20:07:34) [GET]
Rendering template within layouts/application
Rendering charts/test
Completed in 15ms (View: 14, DB: 0) | 200 OK [http://localhost/]
  [4;36;1mSQL (0.5ms)[0m   [0;1mSET NAMES 'utf8'[0m
  [4;35;1mSQL (0.1ms)[0m   [0mSET SQL_AUTO_IS_NULL=0[0m


Processing ChartsController#test (for 127.0.0.1 at 2010-08-30 20:08:31) [GET]
Rendering template within layouts/application
Rendering charts/test
Completed in 16ms (View: 14, DB: 1) | 200 OK [http://localhost/]
